<?xml version="1.0" encoding="UTF-8"?>
<!-- Generated by org.testng.reporters.JUnitReportReporter -->
<testsuite hostname="PRINHYLTPDL1395" name="com.testng.ParallelDemo" tests="3" failures="0" timestamp="6 Mar 2019 02:13:38 GMT" time="27.363" errors="0">
  <testcase name="test2" time="9.126" classname="com.testng.ParallelDemo"/>
  <testcase name="test3" time="9.108" classname="com.testng.ParallelDemo"/>
  <testcase name="test1" time="9.129" classname="com.testng.ParallelDemo"/>
</testsuite> <!-- com.testng.ParallelDemo -->
