<?xml version="1.0" encoding="UTF-8"?>
<!-- Generated by org.testng.reporters.JUnitReportReporter -->
<testsuite hostname="PRINHYLTPDL1395" name="com.tests.LoginTest" tests="2" failures="0" timestamp="5 Mar 2019 10:54:08 GMT" time="14.435" errors="0">
  <testcase name="userLogin" time="0.836" classname="com.tests.LoginTest"/>
  <testcase name="testActionClass" time="13.599" classname="com.tests.LoginTest"/>
</testsuite> <!-- com.tests.LoginTest -->
