<?xml version="1.0" encoding="UTF-8"?>
<!-- Generated by org.testng.reporters.JUnitReportReporter -->
<testsuite hostname="PRINHYLTPDL1395" name="com.testng.test.TestTestNG" tests="3" failures="0" timestamp="2 Mar 2019 04:18:08 GMT" time="0.010" errors="0">
  <testcase name="testMethod1" time="0.007" classname="com.testng.test.TestTestNG"/>
  <testcase name="testMethod2" time="0.002" classname="com.testng.test.TestTestNG"/>
  <testcase name="testMethod3" time="0.001" classname="com.testng.test.TestTestNG"/>
</testsuite> <!-- com.testng.test.TestTestNG -->
