<?xml version="1.0" encoding="UTF-8"?>
<!-- Generated by org.testng.reporters.JUnitReportReporter -->
<testsuite hostname="PRINHYLTPDL1395" name="com.testng.dataprovider.TestDP1" tests="4" failures="0" timestamp="7 Mar 2019 02:26:39 GMT" time="12.565" errors="0">
  <testcase name="testMethod" time="3.138" classname="com.testng.dataprovider.TestDP1"/>
  <testcase name="testMethod" time="3.097" classname="com.testng.dataprovider.TestDP1"/>
  <testcase name="testMethod" time="3.212" classname="com.testng.dataprovider.TestDP1"/>
  <testcase name="testMethod" time="3.118" classname="com.testng.dataprovider.TestDP1"/>
</testsuite> <!-- com.testng.dataprovider.TestDP1 -->
