<?xml version="1.0" encoding="UTF-8"?>
<!-- Generated by org.testng.reporters.JUnitReportReporter -->
<testsuite hostname="PRINHYLTPDL1395" name="com.testng.dataprovider.MyTest" tests="2" failures="0" timestamp="6 Mar 2019 17:01:15 GMT" time="0.034" errors="0">
  <testcase name="testDinggasdgads" time="0.017" classname="com.testng.dataprovider.MyTest"/>
  <testcase name="testDinggasdgads" time="0.017" classname="com.testng.dataprovider.MyTest"/>
</testsuite> <!-- com.testng.dataprovider.MyTest -->
