<?xml version="1.0" encoding="UTF-8"?>
<!-- Generated by org.testng.reporters.JUnitReportReporter -->
<testsuite hostname="PRINHYLTPDL1395" name="com.testng.ParallelDemo2" tests="1" failures="0" timestamp="6 Mar 2019 01:39:35 GMT" time="1.875" errors="0">
  <testcase name="test1" time="1.875" classname="com.testng.ParallelDemo2"/>
</testsuite> <!-- com.testng.ParallelDemo2 -->
