<?xml version="1.0" encoding="UTF-8"?>
<!-- Generated by org.testng.reporters.JUnitReportReporter -->
<testsuite hostname="PRINHYLTPDL1395" name="com.testng.ParallelDemo3" tests="1" failures="0" timestamp="6 Mar 2019 06:58:04 GMT" time="0.891" errors="0">
  <testcase name="test1" time="0.891" classname="com.testng.ParallelDemo3"/>
</testsuite> <!-- com.testng.ParallelDemo3 -->
