<?xml version="1.0" encoding="UTF-8"?>
<!-- Generated by org.testng.reporters.JUnitReportReporter -->
<testsuite hostname="PRINHYLTPDL1395" name="com.testng.dataprovider.Dp3" tests="2" failures="0" timestamp="6 Mar 2019 16:58:20 GMT" time="0.009" errors="0">
  <testcase name="test1" time="0.009" classname="com.testng.dataprovider.Dp3"/>
  <testcase name="test2" time="0.000" classname="com.testng.dataprovider.Dp3"/>
</testsuite> <!-- com.testng.dataprovider.Dp3 -->
